<?xml version="1.0" encoding="UTF-8"?>
<testsuite name="com.emekaokechukwu.getstartedanime.GetStartedAnimeApplicationTests" tests="1" skipped="0" failures="0" errors="0" timestamp="2023-08-29T02:47:11" hostname="Emekas-MacBook-Pro.local" time="0.571">
  <properties/>
  <testcase name="contextLoads()" classname="com.emekaokechukwu.getstartedanime.GetStartedAnimeApplicationTests" time="0.571"/>
  <system-out><![CDATA[22:47:10.096 [Test worker] INFO org.springframework.test.context.support.AnnotationConfigContextLoaderUtils -- Could not detect default configuration classes for test class [com.emekaokechukwu.getstartedanime.GetStartedAnimeApplicationTests]: GetStartedAnimeApplicationTests does not declare any static, non-private, non-final, nested classes annotated with @Configuration.
22:47:10.151 [Test worker] INFO org.springframework.boot.test.context.SpringBootTestContextBootstrapper -- Found @SpringBootConfiguration com.emekaokechukwu.getstartedanime.GetStartedAnimeApplication for test class com.emekaokechukwu.getstartedanime.GetStartedAnimeApplicationTests

  .   ____          _            __ _ _
 /\\ / ___'_ __ _ _(_)_ __  __ _ \ \ \ \
( ( )\___ | '_ | '_| | '_ \/ _` | \ \ \ \
 \\/  ___)| |_)| | | | | || (_| |  ) ) ) )
  '  |____| .__|_| |_|_| |_\__, | / / / /
 =========|_|==============|___/=/_/_/_/
 :: Spring Boot ::                (v3.1.2)

2023-08-28T22:47:10.352-04:00  INFO 20638 --- [    Test worker] c.e.g.GetStartedAnimeApplicationTests    : Starting GetStartedAnimeApplicationTests using Java 20.0.1 with PID 20638 (started by emekaokechukwu in /Users/emekaokechukwu/Downloads/get-started-anime copy/backend)
2023-08-28T22:47:10.353-04:00  INFO 20638 --- [    Test worker] c.e.g.GetStartedAnimeApplicationTests    : No active profile set, falling back to 1 default profile: "default"
2023-08-28T22:47:10.845-04:00  INFO 20638 --- [    Test worker] f.a.AutowiredAnnotationBeanPostProcessor : Autowired annotation is not supported on static fields: private static java.lang.String com.emekaokechukwu.getstartedanime.controller.Recommendation.cohereApiKey
2023-08-28T22:47:11.437-04:00  INFO 20638 --- [    Test worker] c.e.g.GetStartedAnimeApplicationTests    : Started GetStartedAnimeApplicationTests in 1.205 seconds (process running for 1.981)
]]></system-out>
  <system-err><![CDATA[]]></system-err>
</testsuite>
